https://achecker.ca/checkacc.php?uri=http://hernandoclerk.com/&id=750edf1787d35fc7299b6464a14855959bccb7d8
https://achecker.ca/checkacc.php?uri=http://hernandoclerk.com/403-access-denied&id=750edf1787d35fc7299b6464a14855959bccb7d8
https://achecker.ca/checkacc.php?uri=http://hernandoclerk.com/404-not-found&id=750edf1787d35fc7299b6464a14855959bccb7d8
https://achecker.ca/checkacc.php?uri=http://hernandoclerk.com/annual-subscription&id=750edf1787d35fc7299b6464a14855959bccb7d8
https://achecker.ca/checkacc.php?uri=http://hernandoclerk.com/audit-reports&id=750edf1787d35fc7299b6464a14855959bccb7d8
https://achecker.ca/checkacc.php?uri=http://hernandoclerk.com/audit-services&id=750edf1787d35fc7299b6464a14855959bccb7d8
https://achecker.ca/checkacc.php?uri=http://hernandoclerk.com/child-support&id=750edf1787d35fc7299b6464a14855959bccb7d8
https://achecker.ca/checkacc.php?uri=http://hernandoclerk.com/contact-us&id=750edf1787d35fc7299b6464a14855959bccb7d8
https://achecker.ca/checkacc.php?uri=http://hernandoclerk.com/contact-us/&id=750edf1787d35fc7299b6464a14855959bccb7d8
https://achecker.ca/checkacc.php?uri=http://hernandoclerk.com/courts/civil-courts/civil-court-fee-schedule&id=750edf1787d35fc7299b6464a14855959bccb7d8
https://achecker.ca/checkacc.php?uri=http://hernandoclerk.com/courts/family-law/family-law-fee-schedule&id=750edf1787d35fc7299b6464a14855959bccb7d8
https://achecker.ca/checkacc.php?uri=http://hernandoclerk.com/criminal-courts&id=750edf1787d35fc7299b6464a14855959bccb7d8
https://achecker.ca/checkacc.php?uri=http://hernandoclerk.com/customer-comment-card&id=750edf1787d35fc7299b6464a14855959bccb7d8
https://achecker.ca/checkacc.php?uri=http://hernandoclerk.com/customer-comments&id=750edf1787d35fc7299b6464a14855959bccb7d8
https://achecker.ca/checkacc.php?uri=http://hernandoclerk.com/customer-comments/above-and-beyond&id=750edf1787d35fc7299b6464a14855959bccb7d8
https://achecker.ca/checkacc.php?uri=http://hernandoclerk.com/customer-comments/always-helpful-and-friendly&id=750edf1787d35fc7299b6464a14855959bccb7d8
https://achecker.ca/checkacc.php?uri=http://hernandoclerk.com/customer-comments/amazing-criminaltraffic&id=750edf1787d35fc7299b6464a14855959bccb7d8
https://achecker.ca/checkacc.php?uri=http://hernandoclerk.com/customer-comments/commentary-criminal&id=750edf1787d35fc7299b6464a14855959bccb7d8
https://achecker.ca/checkacc.php?uri=http://hernandoclerk.com/customer-comments/customers-love-civil&id=750edf1787d35fc7299b6464a14855959bccb7d8
https://achecker.ca/checkacc.php?uri=http://hernandoclerk.com/customer-comments/excellent-customer-service&id=750edf1787d35fc7299b6464a14855959bccb7d8
https://achecker.ca/checkacc.php?uri=http://hernandoclerk.com/customer-comments/fabulous-family-law&id=750edf1787d35fc7299b6464a14855959bccb7d8
https://achecker.ca/checkacc.php?uri=http://hernandoclerk.com/customer-comments/fabulous-family-law-0&id=750edf1787d35fc7299b6464a14855959bccb7d8
https://achecker.ca/checkacc.php?uri=http://hernandoclerk.com/customer-comments/fabulous-financial-services&id=750edf1787d35fc7299b6464a14855959bccb7d8
https://achecker.ca/checkacc.php?uri=http://hernandoclerk.com/customer-comments/helpful-hernando&id=750edf1787d35fc7299b6464a14855959bccb7d8
https://achecker.ca/checkacc.php?uri=http://hernandoclerk.com/customer-comments/i-would-drive-extra-come-office&id=750edf1787d35fc7299b6464a14855959bccb7d8
https://achecker.ca/checkacc.php?uri=http://hernandoclerk.com/customer-comments/kudos-criminaltraffic&id=750edf1787d35fc7299b6464a14855959bccb7d8
https://achecker.ca/checkacc.php?uri=http://hernandoclerk.com/customer-comments/kudos-criminaltraffic-division&id=750edf1787d35fc7299b6464a14855959bccb7d8
https://achecker.ca/checkacc.php?uri=http://hernandoclerk.com/customer-comments/meeting-our-mission&id=750edf1787d35fc7299b6464a14855959bccb7d8
https://achecker.ca/checkacc.php?uri=http://hernandoclerk.com/customer-comments/our-heroes-uniform&id=750edf1787d35fc7299b6464a14855959bccb7d8
https://achecker.ca/checkacc.php?uri=http://hernandoclerk.com/customer-comments/praise-passports&id=750edf1787d35fc7299b6464a14855959bccb7d8
https://achecker.ca/checkacc.php?uri=http://hernandoclerk.com/customer-comments/professional-courteous&id=750edf1787d35fc7299b6464a14855959bccb7d8
https://achecker.ca/checkacc.php?uri=http://hernandoclerk.com/customer-comments/professional-probate&id=750edf1787d35fc7299b6464a14855959bccb7d8
https://achecker.ca/checkacc.php?uri=http://hernandoclerk.com/customer-comments/rave-reviews-recording&id=750edf1787d35fc7299b6464a14855959bccb7d8
https://achecker.ca/checkacc.php?uri=http://hernandoclerk.com/customer-comments/rockin-official-records&id=750edf1787d35fc7299b6464a14855959bccb7d8
https://achecker.ca/checkacc.php?uri=http://hernandoclerk.com/customer-comments/service-civil-courts&id=750edf1787d35fc7299b6464a14855959bccb7d8
https://achecker.ca/checkacc.php?uri=http://hernandoclerk.com/customer-comments/service-spring-hill&id=750edf1787d35fc7299b6464a14855959bccb7d8
https://achecker.ca/checkacc.php?uri=http://hernandoclerk.com/customer-comments/west-side-wonderful&id=750edf1787d35fc7299b6464a14855959bccb7d8
https://achecker.ca/checkacc.php?uri=http://hernandoclerk.com/customer-comments/wonderful-west-side&id=750edf1787d35fc7299b6464a14855959bccb7d8
https://achecker.ca/checkacc.php?uri=http://hernandoclerk.com/customer-comments?page=1&id=750edf1787d35fc7299b6464a14855959bccb7d8
https://achecker.ca/checkacc.php?uri=http://hernandoclerk.com/divorce&id=750edf1787d35fc7299b6464a14855959bccb7d8
https://achecker.ca/checkacc.php?uri=http://hernandoclerk.com/filebrowser/download/2649&id=750edf1787d35fc7299b6464a14855959bccb7d8
https://achecker.ca/checkacc.php?uri=http://hernandoclerk.com/finance-reports&id=750edf1787d35fc7299b6464a14855959bccb7d8
https://achecker.ca/checkacc.php?uri=http://hernandoclerk.com/financial-services&id=750edf1787d35fc7299b6464a14855959bccb7d8
https://achecker.ca/checkacc.php?uri=http://hernandoclerk.com/foreclosure-information&id=750edf1787d35fc7299b6464a14855959bccb7d8
https://achecker.ca/checkacc.php?uri=http://hernandoclerk.com/foreclosure-sale-lists&id=750edf1787d35fc7299b6464a14855959bccb7d8
https://achecker.ca/checkacc.php?uri=http://hernandoclerk.com/forms&id=750edf1787d35fc7299b6464a14855959bccb7d8
https://achecker.ca/checkacc.php?uri=http://hernandoclerk.com/historical-ordinances&id=750edf1787d35fc7299b6464a14855959bccb7d8
https://achecker.ca/checkacc.php?uri=http://hernandoclerk.com/home&id=750edf1787d35fc7299b6464a14855959bccb7d8
https://achecker.ca/checkacc.php?uri=http://hernandoclerk.com/human-resources&id=750edf1787d35fc7299b6464a14855959bccb7d8
https://achecker.ca/checkacc.php?uri=http://hernandoclerk.com/injunctions-protection&id=750edf1787d35fc7299b6464a14855959bccb7d8
https://achecker.ca/checkacc.php?uri=http://hernandoclerk.com/jury-duty&id=750edf1787d35fc7299b6464a14855959bccb7d8
https://achecker.ca/checkacc.php?uri=http://hernandoclerk.com/jury-excusal-postponement-form&id=750edf1787d35fc7299b6464a14855959bccb7d8
https://achecker.ca/checkacc.php?uri=http://hernandoclerk.com/juvenile-courts&id=750edf1787d35fc7299b6464a14855959bccb7d8
https://achecker.ca/checkacc.php?uri=http://hernandoclerk.com/landlord-tenant&id=750edf1787d35fc7299b6464a14855959bccb7d8
https://achecker.ca/checkacc.php?uri=http://hernandoclerk.com/locations&id=750edf1787d35fc7299b6464a14855959bccb7d8
https://achecker.ca/checkacc.php?uri=http://hernandoclerk.com/marriage-licenses&id=750edf1787d35fc7299b6464a14855959bccb7d8
https://achecker.ca/checkacc.php?uri=http://hernandoclerk.com/meet-doug-chorvat&id=750edf1787d35fc7299b6464a14855959bccb7d8
https://achecker.ca/checkacc.php?uri=http://hernandoclerk.com/mental-health&id=750edf1787d35fc7299b6464a14855959bccb7d8
https://achecker.ca/checkacc.php?uri=http://hernandoclerk.com/mission-statement&id=750edf1787d35fc7299b6464a14855959bccb7d8
https://achecker.ca/checkacc.php?uri=http://hernandoclerk.com/month-month-subscription&id=750edf1787d35fc7299b6464a14855959bccb7d8
https://achecker.ca/checkacc.php?uri=http://hernandoclerk.com/news&id=750edf1787d35fc7299b6464a14855959bccb7d8
https://achecker.ca/checkacc.php?uri=http://hernandoclerk.com/news/civil-courts-supervisor-position-open&id=750edf1787d35fc7299b6464a14855959bccb7d8
https://achecker.ca/checkacc.php?uri=http://hernandoclerk.com/news/clerk-elected-2nd-term&id=750edf1787d35fc7299b6464a14855959bccb7d8
https://achecker.ca/checkacc.php?uri=http://hernandoclerk.com/news/clerks-main-office-closing-300pm-today&id=750edf1787d35fc7299b6464a14855959bccb7d8
https://achecker.ca/checkacc.php?uri=http://hernandoclerk.com/news/clerks-office-hiring&id=750edf1787d35fc7299b6464a14855959bccb7d8
https://achecker.ca/checkacc.php?uri=http://hernandoclerk.com/news/clerks-office-seeking-dynamic-leader-join-its-management-team&id=750edf1787d35fc7299b6464a14855959bccb7d8
https://achecker.ca/checkacc.php?uri=http://hernandoclerk.com/news/come-join-our-team&id=750edf1787d35fc7299b6464a14855959bccb7d8
https://achecker.ca/checkacc.php?uri=http://hernandoclerk.com/news/come-join-our-team-were-hiring&id=750edf1787d35fc7299b6464a14855959bccb7d8
https://achecker.ca/checkacc.php?uri=http://hernandoclerk.com/news/come-join-us-school-color-run-jan-20th&id=750edf1787d35fc7299b6464a14855959bccb7d8
https://achecker.ca/checkacc.php?uri=http://hernandoclerk.com/news/congrats-our-passports-team&id=750edf1787d35fc7299b6464a14855959bccb7d8
https://achecker.ca/checkacc.php?uri=http://hernandoclerk.com/news/congratulations-our-finance-team&id=750edf1787d35fc7299b6464a14855959bccb7d8
https://achecker.ca/checkacc.php?uri=http://hernandoclerk.com/news/court-case-record-search-issues-resolved&id=750edf1787d35fc7299b6464a14855959bccb7d8
https://achecker.ca/checkacc.php?uri=http://hernandoclerk.com/news/court-citizens-summit-october-18th&id=750edf1787d35fc7299b6464a14855959bccb7d8
https://achecker.ca/checkacc.php?uri=http://hernandoclerk.com/news/courthouse-open-today&id=750edf1787d35fc7299b6464a14855959bccb7d8
https://achecker.ca/checkacc.php?uri=http://hernandoclerk.com/news/customer-comment-card-wed-love-hear-you&id=750edf1787d35fc7299b6464a14855959bccb7d8
https://achecker.ca/checkacc.php?uri=http://hernandoclerk.com/news/dhsmv-warns-traffic-citation-scam&id=750edf1787d35fc7299b6464a14855959bccb7d8
https://achecker.ca/checkacc.php?uri=http://hernandoclerk.com/news/domestic-violence-awareness&id=750edf1787d35fc7299b6464a14855959bccb7d8
https://achecker.ca/checkacc.php?uri=http://hernandoclerk.com/news/e-filing-portal-maintenance&id=750edf1787d35fc7299b6464a14855959bccb7d8
https://achecker.ca/checkacc.php?uri=http://hernandoclerk.com/news/e-portal-maintenance-may-20th&id=750edf1787d35fc7299b6464a14855959bccb7d8
https://achecker.ca/checkacc.php?uri=http://hernandoclerk.com/news/filing-deadline-extended-value-adjustment-board-petitions&id=750edf1787d35fc7299b6464a14855959bccb7d8
https://achecker.ca/checkacc.php?uri=http://hernandoclerk.com/news/fitch-affirms-hernando-county-fls-water-and-sewer-revs-aa-outlook-stable&id=750edf1787d35fc7299b6464a14855959bccb7d8
https://achecker.ca/checkacc.php?uri=http://hernandoclerk.com/news/fl-courts-e-filing-portal-maintenance-saturday-february-18th&id=750edf1787d35fc7299b6464a14855959bccb7d8
https://achecker.ca/checkacc.php?uri=http://hernandoclerk.com/news/fl-courts-e-portal-maintenance-1222&id=750edf1787d35fc7299b6464a14855959bccb7d8
https://achecker.ca/checkacc.php?uri=http://hernandoclerk.com/news/florida-supreme-court-warns-phone-and-email-scams&id=750edf1787d35fc7299b6464a14855959bccb7d8
https://achecker.ca/checkacc.php?uri=http://hernandoclerk.com/news/getting-married-come-see-our-beautiful-wedding-chapel&id=750edf1787d35fc7299b6464a14855959bccb7d8
https://achecker.ca/checkacc.php?uri=http://hernandoclerk.com/news/independent-registered-municipal-advisor-representation&id=750edf1787d35fc7299b6464a14855959bccb7d8
https://achecker.ca/checkacc.php?uri=http://hernandoclerk.com/news/interested-joining-clerk%E2%80%99s-office-team-we-have-position-available&id=750edf1787d35fc7299b6464a14855959bccb7d8
https://achecker.ca/checkacc.php?uri=http://hernandoclerk.com/news/interested-joining-clerks-office-team-we-have-open-position-it&id=750edf1787d35fc7299b6464a14855959bccb7d8
https://achecker.ca/checkacc.php?uri=http://hernandoclerk.com/news/interested-working-court-system-we-have-position-available-our-civil-division&id=750edf1787d35fc7299b6464a14855959bccb7d8
https://achecker.ca/checkacc.php?uri=http://hernandoclerk.com/news/join-our-team&id=750edf1787d35fc7299b6464a14855959bccb7d8
https://achecker.ca/checkacc.php?uri=http://hernandoclerk.com/news/look-back-2012-now-note-your-clerk&id=750edf1787d35fc7299b6464a14855959bccb7d8
https://achecker.ca/checkacc.php?uri=http://hernandoclerk.com/news/looking-part-time-work-we-have-position-available&id=750edf1787d35fc7299b6464a14855959bccb7d8
https://achecker.ca/checkacc.php?uri=http://hernandoclerk.com/news/main-office-closed-spring-hill-office-open&id=750edf1787d35fc7299b6464a14855959bccb7d8
https://achecker.ca/checkacc.php?uri=http://hernandoclerk.com/news/main-office-open-thursday-september-14th&id=750edf1787d35fc7299b6464a14855959bccb7d8
https://achecker.ca/checkacc.php?uri=http://hernandoclerk.com/news/moodys-rating-agency-review&id=750edf1787d35fc7299b6464a14855959bccb7d8
https://achecker.ca/checkacc.php?uri=http://hernandoclerk.com/news/new-option-traffic-payments&id=750edf1787d35fc7299b6464a14855959bccb7d8
https://achecker.ca/checkacc.php?uri=http://hernandoclerk.com/news/official-records-website&id=750edf1787d35fc7299b6464a14855959bccb7d8
https://achecker.ca/checkacc.php?uri=http://hernandoclerk.com/news/official-records-website-back-online&id=750edf1787d35fc7299b6464a14855959bccb7d8
https://achecker.ca/checkacc.php?uri=http://hernandoclerk.com/news/operation-safe-surrender&id=750edf1787d35fc7299b6464a14855959bccb7d8
https://achecker.ca/checkacc.php?uri=http://hernandoclerk.com/news/order-seal-estate-rachel-biancardi&id=750edf1787d35fc7299b6464a14855959bccb7d8
https://achecker.ca/checkacc.php?uri=http://hernandoclerk.com/news/our-brooksville-location-official-records-department-has-moved&id=750edf1787d35fc7299b6464a14855959bccb7d8
https://achecker.ca/checkacc.php?uri=http://hernandoclerk.com/news/our-new-website-has-launched&id=750edf1787d35fc7299b6464a14855959bccb7d8
https://achecker.ca/checkacc.php?uri=http://hernandoclerk.com/news/paperless-court-divisions&id=750edf1787d35fc7299b6464a14855959bccb7d8
https://achecker.ca/checkacc.php?uri=http://hernandoclerk.com/news/person-foreclosure-sales-resume-sept-1-2016&id=750edf1787d35fc7299b6464a14855959bccb7d8
https://achecker.ca/checkacc.php?uri=http://hernandoclerk.com/news/phone-system-back-online&id=750edf1787d35fc7299b6464a14855959bccb7d8
https://achecker.ca/checkacc.php?uri=http://hernandoclerk.com/news/phone-system-maintenance-august-9th-800-930am&id=750edf1787d35fc7299b6464a14855959bccb7d8
https://achecker.ca/checkacc.php?uri=http://hernandoclerk.com/news/phone-system-maintenance-november-1st-600-1000pm&id=750edf1787d35fc7299b6464a14855959bccb7d8
https://achecker.ca/checkacc.php?uri=http://hernandoclerk.com/news/scheduled-maintenance-123-500-700pm&id=750edf1787d35fc7299b6464a14855959bccb7d8
https://achecker.ca/checkacc.php?uri=http://hernandoclerk.com/news/scheduled-maintenance-216-cancelled&id=750edf1787d35fc7299b6464a14855959bccb7d8
https://achecker.ca/checkacc.php?uri=http://hernandoclerk.com/news/scheduled-maintenance-june-9th-700pm&id=750edf1787d35fc7299b6464a14855959bccb7d8
https://achecker.ca/checkacc.php?uri=http://hernandoclerk.com/news/services-restored&id=750edf1787d35fc7299b6464a14855959bccb7d8
https://achecker.ca/checkacc.php?uri=http://hernandoclerk.com/news/services-temporarily-unavailable&id=750edf1787d35fc7299b6464a14855959bccb7d8
https://achecker.ca/checkacc.php?uri=http://hernandoclerk.com/news/severe-weather-update&id=750edf1787d35fc7299b6464a14855959bccb7d8
https://achecker.ca/checkacc.php?uri=http://hernandoclerk.com/news/sunshine-week-march-12-18th&id=750edf1787d35fc7299b6464a14855959bccb7d8
https://achecker.ca/checkacc.php?uri=http://hernandoclerk.com/news/system-maintenance-completed-services-restored&id=750edf1787d35fc7299b6464a14855959bccb7d8
https://achecker.ca/checkacc.php?uri=http://hernandoclerk.com/news/system-maintenance-friday-120-530-pm&id=750edf1787d35fc7299b6464a14855959bccb7d8
https://achecker.ca/checkacc.php?uri=http://hernandoclerk.com/news/system-maintenance-friday-february-3rd&id=750edf1787d35fc7299b6464a14855959bccb7d8
https://achecker.ca/checkacc.php?uri=http://hernandoclerk.com/news/system-maintenance-monday-march-6th&id=750edf1787d35fc7299b6464a14855959bccb7d8
https://achecker.ca/checkacc.php?uri=http://hernandoclerk.com/news/system-maintenance-saturday-may-20th-800am&id=750edf1787d35fc7299b6464a14855959bccb7d8
https://achecker.ca/checkacc.php?uri=http://hernandoclerk.com/news/system-maintenance-tuesday-march-21st&id=750edf1787d35fc7299b6464a14855959bccb7d8
https://achecker.ca/checkacc.php?uri=http://hernandoclerk.com/news/system-maintenance-tuesdayapril-4th&id=750edf1787d35fc7299b6464a14855959bccb7d8
https://achecker.ca/checkacc.php?uri=http://hernandoclerk.com/news/systems-back-online&id=750edf1787d35fc7299b6464a14855959bccb7d8
https://achecker.ca/checkacc.php?uri=http://hernandoclerk.com/news/take-stand-against-domestic-violence&id=750edf1787d35fc7299b6464a14855959bccb7d8
https://achecker.ca/checkacc.php?uri=http://hernandoclerk.com/news/tax-lien-scam-florida&id=750edf1787d35fc7299b6464a14855959bccb7d8
https://achecker.ca/checkacc.php?uri=http://hernandoclerk.com/news/update-offices-closed-through-tuesday-september-12th&id=750edf1787d35fc7299b6464a14855959bccb7d8
https://achecker.ca/checkacc.php?uri=http://hernandoclerk.com/news/us-passport-execution-fee-will-increase-april&id=750edf1787d35fc7299b6464a14855959bccb7d8
https://achecker.ca/checkacc.php?uri=http://hernandoclerk.com/news/value-adjustment-board-seeking-individuals-serve-special-magistrates&id=750edf1787d35fc7299b6464a14855959bccb7d8
https://achecker.ca/checkacc.php?uri=http://hernandoclerk.com/news/we-are-looking-new-team-members&id=750edf1787d35fc7299b6464a14855959bccb7d8
https://achecker.ca/checkacc.php?uri=http://hernandoclerk.com/news/we-are-seeking-accounting-professional-join-our-team&id=750edf1787d35fc7299b6464a14855959bccb7d8
https://achecker.ca/checkacc.php?uri=http://hernandoclerk.com/news/we-have-open-position&id=750edf1787d35fc7299b6464a14855959bccb7d8
https://achecker.ca/checkacc.php?uri=http://hernandoclerk.com/news/we-have-open-positions-available&id=750edf1787d35fc7299b6464a14855959bccb7d8
https://achecker.ca/checkacc.php?uri=http://hernandoclerk.com/news/website-maintenance-friday-march-24th&id=750edf1787d35fc7299b6464a14855959bccb7d8
https://achecker.ca/checkacc.php?uri=http://hernandoclerk.com/news/were-hiring&id=750edf1787d35fc7299b6464a14855959bccb7d8
https://achecker.ca/checkacc.php?uri=http://hernandoclerk.com/news/were-looking-new-team-member&id=750edf1787d35fc7299b6464a14855959bccb7d8
https://achecker.ca/checkacc.php?uri=http://hernandoclerk.com/news?page=1&id=750edf1787d35fc7299b6464a14855959bccb7d8
https://achecker.ca/checkacc.php?uri=http://hernandoclerk.com/news?page=2&id=750edf1787d35fc7299b6464a14855959bccb7d8
https://achecker.ca/checkacc.php?uri=http://hernandoclerk.com/news?page=3&id=750edf1787d35fc7299b6464a14855959bccb7d8
https://achecker.ca/checkacc.php?uri=http://hernandoclerk.com/passports&id=750edf1787d35fc7299b6464a14855959bccb7d8
https://achecker.ca/checkacc.php?uri=http://hernandoclerk.com/payments&id=750edf1787d35fc7299b6464a14855959bccb7d8
https://achecker.ca/checkacc.php?uri=http://hernandoclerk.com/probate-guardianship&id=750edf1787d35fc7299b6464a14855959bccb7d8
https://achecker.ca/checkacc.php?uri=http://hernandoclerk.com/public-records-requests&id=750edf1787d35fc7299b6464a14855959bccb7d8
https://achecker.ca/checkacc.php?uri=http://hernandoclerk.com/recent-updates&id=750edf1787d35fc7299b6464a14855959bccb7d8
https://achecker.ca/checkacc.php?uri=http://hernandoclerk.com/recent-updates?page=1&id=750edf1787d35fc7299b6464a14855959bccb7d8
https://achecker.ca/checkacc.php?uri=http://hernandoclerk.com/recording-information&id=750edf1787d35fc7299b6464a14855959bccb7d8
https://achecker.ca/checkacc.php?uri=http://hernandoclerk.com/search-official-records&id=750edf1787d35fc7299b6464a14855959bccb7d8
https://achecker.ca/checkacc.php?uri=http://hernandoclerk.com/small-claims&id=750edf1787d35fc7299b6464a14855959bccb7d8
https://achecker.ca/checkacc.php?uri=http://hernandoclerk.com/subscribers&id=750edf1787d35fc7299b6464a14855959bccb7d8
https://achecker.ca/checkacc.php?uri=http://hernandoclerk.com/subscribers/clerk-data-subscriptions&id=750edf1787d35fc7299b6464a14855959bccb7d8
https://achecker.ca/checkacc.php?uri=http://hernandoclerk.com/subscribers/clerk-data-subscriptions/&id=750edf1787d35fc7299b6464a14855959bccb7d8
https://achecker.ca/checkacc.php?uri=http://hernandoclerk.com/subscribers/clerk-data-subscriptions/subscribe&id=750edf1787d35fc7299b6464a14855959bccb7d8
https://achecker.ca/checkacc.php?uri=http://hernandoclerk.com/subscribers/clerk-data-subscriptions/subscribe/&id=750edf1787d35fc7299b6464a14855959bccb7d8
https://achecker.ca/checkacc.php?uri=http://hernandoclerk.com/subscribers/official-records-subscription&id=750edf1787d35fc7299b6464a14855959bccb7d8
https://achecker.ca/checkacc.php?uri=http://hernandoclerk.com/subscribers/official-records-subscription/&id=750edf1787d35fc7299b6464a14855959bccb7d8
https://achecker.ca/checkacc.php?uri=http://hernandoclerk.com/tax-deed-file-search&id=750edf1787d35fc7299b6464a14855959bccb7d8
https://achecker.ca/checkacc.php?uri=http://hernandoclerk.com/tax-deeds&id=750edf1787d35fc7299b6464a14855959bccb7d8
https://achecker.ca/checkacc.php?uri=http://hernandoclerk.com/tourist-development-tax&id=750edf1787d35fc7299b6464a14855959bccb7d8
https://achecker.ca/checkacc.php?uri=http://hernandoclerk.com/traffic&id=750edf1787d35fc7299b6464a14855959bccb7d8
https://achecker.ca/checkacc.php?uri=http://hernandoclerk.com/user&id=750edf1787d35fc7299b6464a14855959bccb7d8
https://achecker.ca/checkacc.php?uri=http://hernandoclerk.com/user/login&id=750edf1787d35fc7299b6464a14855959bccb7d8
https://achecker.ca/checkacc.php?uri=http://hernandoclerk.com/user/password&id=750edf1787d35fc7299b6464a14855959bccb7d8
https://achecker.ca/checkacc.php?uri=http://hernandoclerk.com/user?current=user/password&id=750edf1787d35fc7299b6464a14855959bccb7d8
https://achecker.ca/checkacc.php?uri=http://hernandoclerk.com/value-adjustment-board&id=750edf1787d35fc7299b6464a14855959bccb7d8
